Analysis & Synthesis report for DE2_115
Thu Jun 30 09:41:35 2022
Quartus Prime Version 18.1.0 Build 625 09/12/2018 SJ Lite Edition


---------------------
; Table of Contents ;
---------------------
  1. Legal Notice
  2. Analysis & Synthesis Summary
  3. Analysis & Synthesis Settings
  4. Parallel Compilation
  5. Analysis & Synthesis Source Files Read
  6. Analysis & Synthesis Resource Usage Summary
  7. Analysis & Synthesis Resource Utilization by Entity
  8. General Register Statistics
  9. Inverted Register Statistics
 10. Multiplexer Restructuring Statistics (Restructuring Performed)
 11. Parameter Settings for User Entity Instance: top_level:top_level|data:data
 12. Parameter Settings for User Entity Instance: top_level:top_level|clk_div:clk_div
 13. Parameter Settings for User Entity Instance: top_level:top_level|address_of_device:address_of_device
 14. Port Connectivity Checks: "top_level:top_level|data:data|CRC_mod:CRC_mod"
 15. Post-Synthesis Netlist Statistics for Top Partition
 16. Elapsed Time Per Partition
 17. Analysis & Synthesis Messages
 18. Analysis & Synthesis Suppressed Messages



----------------
; Legal Notice ;
----------------
Copyright (C) 2018  Intel Corporation. All rights reserved.
Your use of Intel Corporation's design tools, logic functions 
and other software and tools, and its AMPP partner logic 
functions, and any output files from any of the foregoing 
(including device programming or simulation files), and any 
associated documentation or information are expressly subject 
to the terms and conditions of the Intel Program License 
Subscription Agreement, the Intel Quartus Prime License Agreement,
the Intel FPGA IP License Agreement, or other applicable license
agreement, including, without limitation, that your use is for
the sole purpose of programming logic devices manufactured by
Intel and sold by Intel or its authorized distributors.  Please
refer to the applicable agreement for further details.



+----------------------------------------------------------------------------------+
; Analysis & Synthesis Summary                                                     ;
+------------------------------------+---------------------------------------------+
; Analysis & Synthesis Status        ; Successful - Thu Jun 30 09:41:35 2022       ;
; Quartus Prime Version              ; 18.1.0 Build 625 09/12/2018 SJ Lite Edition ;
; Revision Name                      ; DE2_115                                     ;
; Top-level Entity Name              ; DE2_115                                     ;
; Family                             ; Cyclone IV E                                ;
; Total logic elements               ; 857                                         ;
;     Total combinational functions  ; 590                                         ;
;     Dedicated logic registers      ; 467                                         ;
; Total registers                    ; 467                                         ;
; Total pins                         ; 111                                         ;
; Total virtual pins                 ; 0                                           ;
; Total memory bits                  ; 0                                           ;
; Embedded Multiplier 9-bit elements ; 0                                           ;
; Total PLLs                         ; 0                                           ;
+------------------------------------+---------------------------------------------+


+------------------------------------------------------------------------------------------------------------+
; Analysis & Synthesis Settings                                                                              ;
+------------------------------------------------------------------+--------------------+--------------------+
; Option                                                           ; Setting            ; Default Value      ;
+------------------------------------------------------------------+--------------------+--------------------+
; Device                                                           ; EP4CE115F29C7      ;                    ;
; Top-level entity name                                            ; DE2_115            ; DE2_115            ;
; Family name                                                      ; Cyclone IV E       ; Cyclone V          ;
; Use smart compilation                                            ; Off                ; Off                ;
; Enable parallel Assembler and Timing Analyzer during compilation ; On                 ; On                 ;
; Enable compact report table                                      ; Off                ; Off                ;
; Restructure Multiplexers                                         ; Auto               ; Auto               ;
; Create Debugging Nodes for IP Cores                              ; Off                ; Off                ;
; Preserve fewer node names                                        ; On                 ; On                 ;
; Intel FPGA IP Evaluation Mode                                    ; Enable             ; Enable             ;
; Verilog Version                                                  ; Verilog_2001       ; Verilog_2001       ;
; VHDL Version                                                     ; VHDL_1993          ; VHDL_1993          ;
; State Machine Processing                                         ; Auto               ; Auto               ;
; Safe State Machine                                               ; Off                ; Off                ;
; Extract Verilog State Machines                                   ; On                 ; On                 ;
; Extract VHDL State Machines                                      ; On                 ; On                 ;
; Ignore Verilog initial constructs                                ; Off                ; Off                ;
; Iteration limit for constant Verilog loops                       ; 5000               ; 5000               ;
; Iteration limit for non-constant Verilog loops                   ; 250                ; 250                ;
; Add Pass-Through Logic to Inferred RAMs                          ; On                 ; On                 ;
; Infer RAMs from Raw Logic                                        ; On                 ; On                 ;
; Parallel Synthesis                                               ; On                 ; On                 ;
; DSP Block Balancing                                              ; Auto               ; Auto               ;
; NOT Gate Push-Back                                               ; On                 ; On                 ;
; Power-Up Don't Care                                              ; On                 ; On                 ;
; Remove Redundant Logic Cells                                     ; Off                ; Off                ;
; Remove Duplicate Registers                                       ; On                 ; On                 ;
; Ignore CARRY Buffers                                             ; Off                ; Off                ;
; Ignore CASCADE Buffers                                           ; Off                ; Off                ;
; Ignore GLOBAL Buffers                                            ; Off                ; Off                ;
; Ignore ROW GLOBAL Buffers                                        ; Off                ; Off                ;
; Ignore LCELL Buffers                                             ; Off                ; Off                ;
; Ignore SOFT Buffers                                              ; On                 ; On                 ;
; Limit AHDL Integers to 32 Bits                                   ; Off                ; Off                ;
; Optimization Technique                                           ; Balanced           ; Balanced           ;
; Carry Chain Length                                               ; 70                 ; 70                 ;
; Auto Carry Chains                                                ; On                 ; On                 ;
; Auto Open-Drain Pins                                             ; On                 ; On                 ;
; Perform WYSIWYG Primitive Resynthesis                            ; Off                ; Off                ;
; Auto ROM Replacement                                             ; On                 ; On                 ;
; Auto RAM Replacement                                             ; On                 ; On                 ;
; Auto DSP Block Replacement                                       ; On                 ; On                 ;
; Auto Shift Register Replacement                                  ; Auto               ; Auto               ;
; Allow Shift Register Merging across Hierarchies                  ; Auto               ; Auto               ;
; Auto Clock Enable Replacement                                    ; On                 ; On                 ;
; Strict RAM Replacement                                           ; Off                ; Off                ;
; Allow Synchronous Control Signals                                ; On                 ; On                 ;
; Force Use of Synchronous Clear Signals                           ; Off                ; Off                ;
; Auto RAM Block Balancing                                         ; On                 ; On                 ;
; Auto RAM to Logic Cell Conversion                                ; Off                ; Off                ;
; Auto Resource Sharing                                            ; Off                ; Off                ;
; Allow Any RAM Size For Recognition                               ; Off                ; Off                ;
; Allow Any ROM Size For Recognition                               ; Off                ; Off                ;
; Allow Any Shift Register Size For Recognition                    ; Off                ; Off                ;
; Use LogicLock Constraints during Resource Balancing              ; On                 ; On                 ;
; Ignore translate_off and synthesis_off directives                ; Off                ; Off                ;
; Timing-Driven Synthesis                                          ; On                 ; On                 ;
; Report Parameter Settings                                        ; On                 ; On                 ;
; Report Source Assignments                                        ; On                 ; On                 ;
; Report Connectivity Checks                                       ; On                 ; On                 ;
; Ignore Maximum Fan-Out Assignments                               ; Off                ; Off                ;
; Synchronization Register Chain Length                            ; 2                  ; 2                  ;
; Power Optimization During Synthesis                              ; Normal compilation ; Normal compilation ;
; HDL message level                                                ; Level2             ; Level2             ;
; Suppress Register Optimization Related Messages                  ; Off                ; Off                ;
; Number of Removed Registers Reported in Synthesis Report         ; 5000               ; 5000               ;
; Number of Swept Nodes Reported in Synthesis Report               ; 5000               ; 5000               ;
; Number of Inverted Registers Reported in Synthesis Report        ; 100                ; 100                ;
; Clock MUX Protection                                             ; On                 ; On                 ;
; Auto Gated Clock Conversion                                      ; Off                ; Off                ;
; Block Design Naming                                              ; Auto               ; Auto               ;
; SDC constraint protection                                        ; Off                ; Off                ;
; Synthesis Effort                                                 ; Auto               ; Auto               ;
; Shift Register Replacement - Allow Asynchronous Clear Signal     ; On                 ; On                 ;
; Pre-Mapping Resynthesis Optimization                             ; Off                ; Off                ;
; Analysis & Synthesis Message Level                               ; Medium             ; Medium             ;
; Disable Register Merging Across Hierarchies                      ; Auto               ; Auto               ;
; Resource Aware Inference For Block RAM                           ; On                 ; On                 ;
+------------------------------------------------------------------+--------------------+--------------------+


+------------------------------------------+
; Parallel Compilation                     ;
+----------------------------+-------------+
; Processors                 ; Number      ;
+----------------------------+-------------+
; Number detected on machine ; 8           ;
; Maximum allowed            ; 8           ;
;                            ;             ;
; Average used               ; 1.00        ;
; Maximum used               ; 8           ;
;                            ;             ;
; Usage by Processor         ; % Time Used ;
;     Processor 1            ; 100.0%      ;
;     Processor 2            ;   0.0%      ;
;     Processor 3            ;   0.0%      ;
;     Processor 4            ;   0.0%      ;
;     Processor 5            ;   0.0%      ;
;     Processor 6            ;   0.0%      ;
;     Processor 7            ;   0.0%      ;
;     Processor 8            ;   0.0%      ;
+----------------------------+-------------+


+-----------------------------------------------------------------------------------------------------------------------------------------------------------+
; Analysis & Synthesis Source Files Read                                                                                                                    ;
+----------------------------------+-----------------+------------------------------+-------------------------------------------------------------+---------+
; File Name with User-Entered Path ; Used in Netlist ; File Type                    ; File Name with Absolute Path                                ; Library ;
+----------------------------------+-----------------+------------------------------+-------------------------------------------------------------+---------+
; CRC.v                            ; yes             ; User Verilog HDL File        ; D:/1/Linux/FPGA_Base/with_few_DS18B20_and__CRC/CRC.v        ;         ;
; address.v                        ; yes             ; User Verilog HDL File        ; D:/1/Linux/FPGA_Base/with_few_DS18B20_and__CRC/address.v    ;         ;
; PON.v                            ; yes             ; User Verilog HDL File        ; D:/1/Linux/FPGA_Base/with_few_DS18B20_and__CRC/PON.v        ;         ;
; data.v                           ; yes             ; User Verilog HDL File        ; D:/1/Linux/FPGA_Base/with_few_DS18B20_and__CRC/data.v       ;         ;
; bin_to_dec.v                     ; yes             ; User Verilog HDL File        ; D:/1/Linux/FPGA_Base/with_few_DS18B20_and__CRC/bin_to_dec.v ;         ;
; top-level.v                      ; yes             ; User Verilog HDL File        ; D:/1/Linux/FPGA_Base/with_few_DS18B20_and__CRC/top-level.v  ;         ;
; top.v                            ; yes             ; User Verilog HDL File        ; D:/1/Linux/FPGA_Base/with_few_DS18B20_and__CRC/top.v        ;         ;
; clk_div.v                        ; yes             ; User Verilog HDL File        ; D:/1/Linux/FPGA_Base/with_few_DS18B20_and__CRC/clk_div.v    ;         ;
; TB.v                             ; yes             ; User Verilog HDL File        ; D:/1/Linux/FPGA_Base/with_few_DS18B20_and__CRC/TB.v         ;         ;
; de2_115.v                        ; yes             ; Auto-Found Verilog HDL File  ; D:/1/Linux/FPGA_Base/with_few_DS18B20_and__CRC/de2_115.v    ;         ;
; sm.v                             ; yes             ; Auto-Found Verilog HDL File  ; D:/1/Linux/FPGA_Base/with_few_DS18B20_and__CRC/sm.v         ;         ;
+----------------------------------+-----------------+------------------------------+-------------------------------------------------------------+---------+


+--------------------------------------------------------------+
; Analysis & Synthesis Resource Usage Summary                  ;
+---------------------------------------------+----------------+
; Resource                                    ; Usage          ;
+---------------------------------------------+----------------+
; Estimated Total logic elements              ; 857            ;
;                                             ;                ;
; Total combinational functions               ; 590            ;
; Logic element usage by number of LUT inputs ;                ;
;     -- 4 input functions                    ; 393            ;
;     -- 3 input functions                    ; 70             ;
;     -- <=2 input functions                  ; 127            ;
;                                             ;                ;
; Logic elements by mode                      ;                ;
;     -- normal mode                          ; 526            ;
;     -- arithmetic mode                      ; 64             ;
;                                             ;                ;
; Total registers                             ; 467            ;
;     -- Dedicated logic registers            ; 467            ;
;     -- I/O registers                        ; 0              ;
;                                             ;                ;
; I/O pins                                    ; 111            ;
;                                             ;                ;
; Embedded Multiplier 9-bit elements          ; 0              ;
;                                             ;                ;
; Maximum fan-out node                        ; CLOCK_50~input ;
; Maximum fan-out                             ; 467            ;
; Total fan-out                               ; 3623           ;
; Average fan-out                             ; 2.83           ;
+---------------------------------------------+----------------+


+------------------------------------------------------------------------------------------------------------------------------------------------------------------------------------------------------------------------------------------------------------------------------+
; Analysis & Synthesis Resource Utilization by Entity                                                                                                                                                                                                                          ;
+---------------------------------------------+---------------------+---------------------------+-------------+--------------+---------+-----------+------+--------------+------------------------------------------------------------------+-------------------+--------------+
; Compilation Hierarchy Node                  ; Combinational ALUTs ; Dedicated Logic Registers ; Memory Bits ; DSP Elements ; DSP 9x9 ; DSP 18x18 ; Pins ; Virtual Pins ; Full Hierarchy Name                                              ; Entity Name       ; Library Name ;
+---------------------------------------------+---------------------+---------------------------+-------------+--------------+---------+-----------+------+--------------+------------------------------------------------------------------+-------------------+--------------+
; |DE2_115                                    ; 590 (0)             ; 467 (0)                   ; 0           ; 0            ; 0       ; 0         ; 111  ; 0            ; |DE2_115                                                         ; DE2_115           ; work         ;
;    |top_level:top_level|                    ; 590 (0)             ; 467 (0)                   ; 0           ; 0            ; 0       ; 0         ; 0    ; 0            ; |DE2_115|top_level:top_level                                     ; top_level         ; work         ;
;       |PON:PON|                             ; 1 (1)               ; 2 (2)                     ; 0           ; 0            ; 0       ; 0         ; 0    ; 0            ; |DE2_115|top_level:top_level|PON:PON                             ; PON               ; work         ;
;       |SM:SM|                               ; 38 (38)             ; 0 (0)                     ; 0           ; 0            ; 0       ; 0         ; 0    ; 0            ; |DE2_115|top_level:top_level|SM:SM                               ; SM                ; work         ;
;       |TB:TB|                               ; 84 (84)             ; 46 (46)                   ; 0           ; 0            ; 0       ; 0         ; 0    ; 0            ; |DE2_115|top_level:top_level|TB:TB                               ; TB                ; work         ;
;       |address_of_device:address_of_device| ; 16 (16)             ; 3 (3)                     ; 0           ; 0            ; 0       ; 0         ; 0    ; 0            ; |DE2_115|top_level:top_level|address_of_device:address_of_device ; address_of_device ; work         ;
;       |clk_div:clk_div|                     ; 13 (13)             ; 8 (8)                     ; 0           ; 0            ; 0       ; 0         ; 0    ; 0            ; |DE2_115|top_level:top_level|clk_div:clk_div                     ; clk_div           ; work         ;
;       |data:data|                           ; 438 (216)           ; 408 (277)                 ; 0           ; 0            ; 0       ; 0         ; 0    ; 0            ; |DE2_115|top_level:top_level|data:data                           ; data              ; work         ;
;          |CRC_mod:CRC_mod|                  ; 166 (166)           ; 90 (90)                   ; 0           ; 0            ; 0       ; 0         ; 0    ; 0            ; |DE2_115|top_level:top_level|data:data|CRC_mod:CRC_mod           ; CRC_mod           ; work         ;
;          |bin_to_dec:bin_to_dec|            ; 56 (56)             ; 41 (41)                   ; 0           ; 0            ; 0       ; 0         ; 0    ; 0            ; |DE2_115|top_level:top_level|data:data|bin_to_dec:bin_to_dec     ; bin_to_dec        ; work         ;
+---------------------------------------------+---------------------+---------------------------+-------------+--------------+---------+-----------+------+--------------+------------------------------------------------------------------+-------------------+--------------+
Note: For table entries with two numbers listed, the numbers in parentheses indicate the number of resources of the given type used by the specific entity alone. The numbers listed outside of parentheses indicate the total resources of the given type used by the specific entity and all of its sub-entities in the hierarchy.


+------------------------------------------------------+
; General Register Statistics                          ;
+----------------------------------------------+-------+
; Statistic                                    ; Value ;
+----------------------------------------------+-------+
; Total registers                              ; 467   ;
; Number of registers using Synchronous Clear  ; 38    ;
; Number of registers using Synchronous Load   ; 7     ;
; Number of registers using Asynchronous Clear ; 0     ;
; Number of registers using Asynchronous Load  ; 0     ;
; Number of registers using Clock Enable       ; 450   ;
; Number of registers using Preset             ; 0     ;
+----------------------------------------------+-------+


+-------------------------------------------------------------------------+
; Inverted Register Statistics                                            ;
+---------------------------------------------------------------+---------+
; Inverted Register                                             ; Fan out ;
+---------------------------------------------------------------+---------+
; top_level:top_level|data:data|bin_to_dec:bin_to_dec|EoConvert ; 5       ;
; Total number of inverted registers = 1                        ;         ;
+---------------------------------------------------------------+---------+


+-------------------------------------------------------------------------------------------------------------------------------------------------------------------------------------------------------+
; Multiplexer Restructuring Statistics (Restructuring Performed)                                                                                                                                        ;
+--------------------+-----------+---------------+----------------------+------------------------+------------+-----------------------------------------------------------------------------------------+
; Multiplexer Inputs ; Bus Width ; Baseline Area ; Area if Restructured ; Saving if Restructured ; Registered ; Example Multiplexer Output                                                              ;
+--------------------+-----------+---------------+----------------------+------------------------+------------+-----------------------------------------------------------------------------------------+
; 3:1                ; 8 bits    ; 16 LEs        ; 8 LEs                ; 8 LEs                  ; Yes        ; |DE2_115|top_level:top_level|TB:TB|byte[1]                                              ;
; 3:1                ; 36 bits   ; 72 LEs        ; 36 LEs               ; 36 LEs                 ; Yes        ; |DE2_115|top_level:top_level|data:data|CRC_mod:CRC_mod|local_bytes_of_mem[56]           ;
; 3:1                ; 4 bits    ; 8 LEs         ; 4 LEs                ; 4 LEs                  ; Yes        ; |DE2_115|top_level:top_level|data:data|bin_to_dec:bin_to_dec|cn_dec[15]                 ;
; 3:1                ; 7 bits    ; 14 LEs        ; 7 LEs                ; 7 LEs                  ; Yes        ; |DE2_115|top_level:top_level|data:data|bin_to_dec:bin_to_dec|cn_bin[3]                  ;
; 4:1                ; 4 bits    ; 8 LEs         ; 4 LEs                ; 4 LEs                  ; Yes        ; |DE2_115|top_level:top_level|data:data|bin_to_dec:bin_to_dec|cn_dec[7]                  ;
; 6:1                ; 35 bits   ; 140 LEs       ; 105 LEs              ; 35 LEs                 ; Yes        ; |DE2_115|top_level:top_level|data:data|CRC_mod:CRC_mod|local_bytes_of_mem[26]           ;
; 5:1                ; 4 bits    ; 12 LEs        ; 4 LEs                ; 8 LEs                  ; Yes        ; |DE2_115|top_level:top_level|data:data|bin_to_dec:bin_to_dec|cn_dec[8]                  ;
; 3:1                ; 17 bits   ; 34 LEs        ; 34 LEs               ; 0 LEs                  ; No         ; |DE2_115|top_level:top_level|data:data|Mux102                                           ;
; 3:1                ; 2 bits    ; 4 LEs         ; 4 LEs                ; 0 LEs                  ; No         ; |DE2_115|top_level:top_level|data:data|Mux98                                            ;
; 4:1                ; 12 bits   ; 24 LEs        ; 24 LEs               ; 0 LEs                  ; No         ; |DE2_115|top_level:top_level|data:data|Mux16                                            ;
; 4:1                ; 16 bits   ; 32 LEs        ; 32 LEs               ; 0 LEs                  ; No         ; |DE2_115|top_level:top_level|data:data|mass_dec_temperature                             ;
; 8:1                ; 2 bits    ; 10 LEs        ; 6 LEs                ; 4 LEs                  ; No         ; |DE2_115|top_level:top_level|address_of_device:address_of_device|one_byte_of_address[1] ;
+--------------------+-----------+---------------+----------------------+------------------------+------------+-----------------------------------------------------------------------------------------+


+----------------------------------------------------------------------------+
; Parameter Settings for User Entity Instance: top_level:top_level|data:data ;
+----------------+-------+---------------------------------------------------+
; Parameter Name ; Value ; Type                                              ;
+----------------+-------+---------------------------------------------------+
; Num_of_Dev     ; 4     ; Signed Integer                                    ;
+----------------+-------+---------------------------------------------------+
Note: In order to hide this table in the UI and the text report file, please set the "Show Parameter Settings in Synthesis Report" option in "Analysis and Synthesis Settings -> More Settings" to "Off".


+----------------------------------------------------------------------------------+
; Parameter Settings for User Entity Instance: top_level:top_level|clk_div:clk_div ;
+----------------+-------+---------------------------------------------------------+
; Parameter Name ; Value ; Type                                                    ;
+----------------+-------+---------------------------------------------------------+
; X              ; 7     ; Signed Integer                                          ;
+----------------+-------+---------------------------------------------------------+
Note: In order to hide this table in the UI and the text report file, please set the "Show Parameter Settings in Synthesis Report" option in "Analysis and Synthesis Settings -> More Settings" to "Off".


+------------------------------------------------------------------------------------------------------+
; Parameter Settings for User Entity Instance: top_level:top_level|address_of_device:address_of_device ;
+----------------+-------+-----------------------------------------------------------------------------+
; Parameter Name ; Value ; Type                                                                        ;
+----------------+-------+-----------------------------------------------------------------------------+
; Num_of_Dev     ; 4     ; Signed Integer                                                              ;
+----------------+-------+-----------------------------------------------------------------------------+
Note: In order to hide this table in the UI and the text report file, please set the "Show Parameter Settings in Synthesis Report" option in "Analysis and Synthesis Settings -> More Settings" to "Off".


+-----------------------------------------------------------------------------------------------------------------------------------------+
; Port Connectivity Checks: "top_level:top_level|data:data|CRC_mod:CRC_mod"                                                               ;
+----------+--------+----------+----------------------------------------------------------------------------------------------------------+
; Port     ; Type   ; Severity ; Details                                                                                                  ;
+----------+--------+----------+----------------------------------------------------------------------------------------------------------+
; go_check ; Output ; Warning  ; Declared by entity but not connected by instance. Logic that only feeds a dangling port will be removed. ;
+----------+--------+----------+----------------------------------------------------------------------------------------------------------+


+-----------------------------------------------------+
; Post-Synthesis Netlist Statistics for Top Partition ;
+-----------------------+-----------------------------+
; Type                  ; Count                       ;
+-----------------------+-----------------------------+
; boundary_port         ; 111                         ;
; cycloneiii_ff         ; 467                         ;
;     ENA               ; 405                         ;
;     ENA SCLR          ; 38                          ;
;     ENA SLD           ; 7                           ;
;     plain             ; 17                          ;
; cycloneiii_io_obuf    ; 3                           ;
; cycloneiii_lcell_comb ; 591                         ;
;     arith             ; 64                          ;
;         2 data inputs ; 53                          ;
;         3 data inputs ; 11                          ;
;     normal            ; 527                         ;
;         0 data inputs ; 1                           ;
;         1 data inputs ; 10                          ;
;         2 data inputs ; 64                          ;
;         3 data inputs ; 59                          ;
;         4 data inputs ; 393                         ;
;                       ;                             ;
; Max LUT depth         ; 9.00                        ;
; Average LUT depth     ; 3.15                        ;
+-----------------------+-----------------------------+


+-------------------------------+
; Elapsed Time Per Partition    ;
+----------------+--------------+
; Partition Name ; Elapsed Time ;
+----------------+--------------+
; Top            ; 00:00:02     ;
+----------------+--------------+


+-------------------------------+
; Analysis & Synthesis Messages ;
+-------------------------------+
Info: *******************************************************************
Info: Running Quartus Prime Analysis & Synthesis
    Info: Version 18.1.0 Build 625 09/12/2018 SJ Lite Edition
    Info: Processing started: Thu Jun 30 09:41:17 2022
Info: Command: quartus_map --read_settings_files=on --write_settings_files=off DE2_115 -c DE2_115
Warning (18236): Number of processors has not been specified which may cause overloading on shared machines.  Set the global assignment NUM_PARALLEL_PROCESSORS in your QSF to an appropriate value for best performance.
Info (20030): Parallel compilation is enabled and will use 8 of the 8 processors detected
Info (12021): Found 1 design units, including 1 entities, in source file crc.v
    Info (12023): Found entity 1: CRC_mod File: D:/1/Linux/FPGA_Base/with_few_DS18B20_and__CRC/CRC.v Line: 1
Info (12021): Found 1 design units, including 1 entities, in source file address.v
    Info (12023): Found entity 1: address_of_device File: D:/1/Linux/FPGA_Base/with_few_DS18B20_and__CRC/address.v Line: 1
Info (12021): Found 1 design units, including 1 entities, in source file pon.v
    Info (12023): Found entity 1: PON File: D:/1/Linux/FPGA_Base/with_few_DS18B20_and__CRC/PON.v Line: 1
Warning (10463): Verilog HDL Declaration warning at data.v(2): "byte" is SystemVerilog-2005 keyword File: D:/1/Linux/FPGA_Base/with_few_DS18B20_and__CRC/data.v Line: 2
Info (12021): Found 1 design units, including 1 entities, in source file data.v
    Info (12023): Found entity 1: data File: D:/1/Linux/FPGA_Base/with_few_DS18B20_and__CRC/data.v Line: 1
Info (12021): Found 1 design units, including 1 entities, in source file bin_to_dec.v
    Info (12023): Found entity 1: bin_to_dec File: D:/1/Linux/FPGA_Base/with_few_DS18B20_and__CRC/bin_to_dec.v Line: 1
Info (12021): Found 1 design units, including 1 entities, in source file top-level.v
    Info (12023): Found entity 1: top_level File: D:/1/Linux/FPGA_Base/with_few_DS18B20_and__CRC/top-level.v Line: 1
Info (12021): Found 1 design units, including 1 entities, in source file top.v
    Info (12023): Found entity 1: top File: D:/1/Linux/FPGA_Base/with_few_DS18B20_and__CRC/top.v Line: 2
Info (12021): Found 1 design units, including 1 entities, in source file clk_div.v
    Info (12023): Found entity 1: clk_div File: D:/1/Linux/FPGA_Base/with_few_DS18B20_and__CRC/clk_div.v Line: 1
Warning (10463): Verilog HDL Declaration warning at TB.v(10): "byte" is SystemVerilog-2005 keyword File: D:/1/Linux/FPGA_Base/with_few_DS18B20_and__CRC/TB.v Line: 10
Info (12021): Found 1 design units, including 1 entities, in source file tb.v
    Info (12023): Found entity 1: TB File: D:/1/Linux/FPGA_Base/with_few_DS18B20_and__CRC/TB.v Line: 1
Warning (12125): Using design file de2_115.v, which is not specified as a design file for the current project, but contains definitions for 1 design units and 1 entities in project
    Info (12023): Found entity 1: DE2_115 File: D:/1/Linux/FPGA_Base/with_few_DS18B20_and__CRC/de2_115.v Line: 6
Info (12127): Elaborating entity "DE2_115" for the top level hierarchy
Warning (10034): Output port "LEDG[8]" at DE2_115.v(16) has no driver File: D:/1/Linux/FPGA_Base/with_few_DS18B20_and__CRC/DE2_115.v Line: 16
Warning (10034): Output port "SMA_CLKOUT" at DE2_115.v(13) has no driver File: D:/1/Linux/FPGA_Base/with_few_DS18B20_and__CRC/DE2_115.v Line: 13
Info (12128): Elaborating entity "top" for hierarchy "top:top" File: D:/1/Linux/FPGA_Base/with_few_DS18B20_and__CRC/DE2_115.v Line: 50
Info (12128): Elaborating entity "top_level" for hierarchy "top_level:top_level" File: D:/1/Linux/FPGA_Base/with_few_DS18B20_and__CRC/DE2_115.v Line: 52
Info (12128): Elaborating entity "TB" for hierarchy "top_level:top_level|TB:TB" File: D:/1/Linux/FPGA_Base/with_few_DS18B20_and__CRC/top-level.v Line: 26
Warning (10036): Verilog HDL or VHDL warning at TB.v(21): object "inv_OE" assigned a value but never read File: D:/1/Linux/FPGA_Base/with_few_DS18B20_and__CRC/TB.v Line: 21
Warning (10230): Verilog HDL assignment warning at TB.v(45): truncated value with size 32 to match size of target (1) File: D:/1/Linux/FPGA_Base/with_few_DS18B20_and__CRC/TB.v Line: 45
Warning (10230): Verilog HDL assignment warning at TB.v(55): truncated value with size 32 to match size of target (1) File: D:/1/Linux/FPGA_Base/with_few_DS18B20_and__CRC/TB.v Line: 55
Warning (10230): Verilog HDL assignment warning at TB.v(56): truncated value with size 32 to match size of target (11) File: D:/1/Linux/FPGA_Base/with_few_DS18B20_and__CRC/TB.v Line: 56
Warning (10230): Verilog HDL assignment warning at TB.v(58): truncated value with size 32 to match size of target (10) File: D:/1/Linux/FPGA_Base/with_few_DS18B20_and__CRC/TB.v Line: 58
Info (12128): Elaborating entity "data" for hierarchy "top_level:top_level|data:data" File: D:/1/Linux/FPGA_Base/with_few_DS18B20_and__CRC/top-level.v Line: 28
Warning (10230): Verilog HDL assignment warning at data.v(19): truncated value with size 32 to match size of target (1) File: D:/1/Linux/FPGA_Base/with_few_DS18B20_and__CRC/data.v Line: 19
Warning (10230): Verilog HDL assignment warning at data.v(33): truncated value with size 10 to match size of target (5) File: D:/1/Linux/FPGA_Base/with_few_DS18B20_and__CRC/data.v Line: 33
Warning (10230): Verilog HDL assignment warning at data.v(73): truncated value with size 32 to match size of target (10) File: D:/1/Linux/FPGA_Base/with_few_DS18B20_and__CRC/data.v Line: 73
Info (12128): Elaborating entity "bin_to_dec" for hierarchy "top_level:top_level|data:data|bin_to_dec:bin_to_dec" File: D:/1/Linux/FPGA_Base/with_few_DS18B20_and__CRC/data.v Line: 49
Warning (10230): Verilog HDL assignment warning at bin_to_dec.v(51): truncated value with size 32 to match size of target (4) File: D:/1/Linux/FPGA_Base/with_few_DS18B20_and__CRC/bin_to_dec.v Line: 51
Warning (10230): Verilog HDL assignment warning at bin_to_dec.v(52): truncated value with size 32 to match size of target (4) File: D:/1/Linux/FPGA_Base/with_few_DS18B20_and__CRC/bin_to_dec.v Line: 52
Info (12128): Elaborating entity "CRC_mod" for hierarchy "top_level:top_level|data:data|CRC_mod:CRC_mod" File: D:/1/Linux/FPGA_Base/with_few_DS18B20_and__CRC/data.v Line: 57
Warning (10230): Verilog HDL assignment warning at CRC.v(31): truncated value with size 32 to match size of target (7) File: D:/1/Linux/FPGA_Base/with_few_DS18B20_and__CRC/CRC.v Line: 31
Info (12128): Elaborating entity "PON" for hierarchy "top_level:top_level|PON:PON" File: D:/1/Linux/FPGA_Base/with_few_DS18B20_and__CRC/top-level.v Line: 30
Info (12128): Elaborating entity "clk_div" for hierarchy "top_level:top_level|clk_div:clk_div" File: D:/1/Linux/FPGA_Base/with_few_DS18B20_and__CRC/top-level.v Line: 32
Warning (12125): Using design file sm.v, which is not specified as a design file for the current project, but contains definitions for 1 design units and 1 entities in project
    Info (12023): Found entity 1: SM File: D:/1/Linux/FPGA_Base/with_few_DS18B20_and__CRC/sm.v Line: 1
Info (12128): Elaborating entity "SM" for hierarchy "top_level:top_level|SM:SM" File: D:/1/Linux/FPGA_Base/with_few_DS18B20_and__CRC/top-level.v Line: 34
Info (12128): Elaborating entity "address_of_device" for hierarchy "top_level:top_level|address_of_device:address_of_device" File: D:/1/Linux/FPGA_Base/with_few_DS18B20_and__CRC/top-level.v Line: 36
Warning (10230): Verilog HDL assignment warning at address.v(26): truncated value with size 32 to match size of target (8) File: D:/1/Linux/FPGA_Base/with_few_DS18B20_and__CRC/address.v Line: 26
Warning (10230): Verilog HDL assignment warning at address.v(38): truncated value with size 32 to match size of target (3) File: D:/1/Linux/FPGA_Base/with_few_DS18B20_and__CRC/address.v Line: 38
Warning (10034): Output port "change_state" at address.v(6) has no driver File: D:/1/Linux/FPGA_Base/with_few_DS18B20_and__CRC/address.v Line: 6
Warning (12241): 1 hierarchies have connectivity warnings - see the Connectivity Checks report folder
Warning (13032): The following tri-state nodes are fed by constants
    Warning (13033): The pin "GPIO[4]" is fed by GND File: D:/1/Linux/FPGA_Base/with_few_DS18B20_and__CRC/DE2_115.v Line: 40
    Warning (13033): The pin "GPIO[5]" is fed by VCC File: D:/1/Linux/FPGA_Base/with_few_DS18B20_and__CRC/DE2_115.v Line: 40
Warning (13009): TRI or OPNDRN buffers permanently enabled
    Warning (13010): Node "GPIO[5]~synth" File: D:/1/Linux/FPGA_Base/with_few_DS18B20_and__CRC/DE2_115.v Line: 40
Warning (13024): Output pins are stuck at VCC or GND
    Warning (13410): Pin "SMA_CLKOUT" is stuck at GND File: D:/1/Linux/FPGA_Base/with_few_DS18B20_and__CRC/DE2_115.v Line: 13
    Warning (13410): Pin "LEDG[1]" is stuck at GND File: D:/1/Linux/FPGA_Base/with_few_DS18B20_and__CRC/DE2_115.v Line: 16
    Warning (13410): Pin "LEDG[2]" is stuck at GND File: D:/1/Linux/FPGA_Base/with_few_DS18B20_and__CRC/DE2_115.v Line: 16
    Warning (13410): Pin "LEDG[3]" is stuck at GND File: D:/1/Linux/FPGA_Base/with_few_DS18B20_and__CRC/DE2_115.v Line: 16
    Warning (13410): Pin "LEDG[4]" is stuck at GND File: D:/1/Linux/FPGA_Base/with_few_DS18B20_and__CRC/DE2_115.v Line: 16
    Warning (13410): Pin "LEDG[5]" is stuck at GND File: D:/1/Linux/FPGA_Base/with_few_DS18B20_and__CRC/DE2_115.v Line: 16
    Warning (13410): Pin "LEDG[6]" is stuck at GND File: D:/1/Linux/FPGA_Base/with_few_DS18B20_and__CRC/DE2_115.v Line: 16
    Warning (13410): Pin "LEDG[7]" is stuck at GND File: D:/1/Linux/FPGA_Base/with_few_DS18B20_and__CRC/DE2_115.v Line: 16
    Warning (13410): Pin "LEDG[8]" is stuck at GND File: D:/1/Linux/FPGA_Base/with_few_DS18B20_and__CRC/DE2_115.v Line: 16
    Warning (13410): Pin "HEX4[0]" is stuck at GND File: D:/1/Linux/FPGA_Base/with_few_DS18B20_and__CRC/DE2_115.v Line: 30
    Warning (13410): Pin "HEX4[1]" is stuck at GND File: D:/1/Linux/FPGA_Base/with_few_DS18B20_and__CRC/DE2_115.v Line: 30
    Warning (13410): Pin "HEX4[2]" is stuck at GND File: D:/1/Linux/FPGA_Base/with_few_DS18B20_and__CRC/DE2_115.v Line: 30
    Warning (13410): Pin "HEX4[3]" is stuck at GND File: D:/1/Linux/FPGA_Base/with_few_DS18B20_and__CRC/DE2_115.v Line: 30
    Warning (13410): Pin "HEX4[4]" is stuck at GND File: D:/1/Linux/FPGA_Base/with_few_DS18B20_and__CRC/DE2_115.v Line: 30
    Warning (13410): Pin "HEX4[5]" is stuck at GND File: D:/1/Linux/FPGA_Base/with_few_DS18B20_and__CRC/DE2_115.v Line: 30
    Warning (13410): Pin "HEX4[6]" is stuck at GND File: D:/1/Linux/FPGA_Base/with_few_DS18B20_and__CRC/DE2_115.v Line: 30
    Warning (13410): Pin "HEX5[0]" is stuck at GND File: D:/1/Linux/FPGA_Base/with_few_DS18B20_and__CRC/DE2_115.v Line: 31
    Warning (13410): Pin "HEX5[1]" is stuck at GND File: D:/1/Linux/FPGA_Base/with_few_DS18B20_and__CRC/DE2_115.v Line: 31
    Warning (13410): Pin "HEX5[2]" is stuck at GND File: D:/1/Linux/FPGA_Base/with_few_DS18B20_and__CRC/DE2_115.v Line: 31
    Warning (13410): Pin "HEX5[3]" is stuck at GND File: D:/1/Linux/FPGA_Base/with_few_DS18B20_and__CRC/DE2_115.v Line: 31
    Warning (13410): Pin "HEX5[4]" is stuck at GND File: D:/1/Linux/FPGA_Base/with_few_DS18B20_and__CRC/DE2_115.v Line: 31
    Warning (13410): Pin "HEX5[5]" is stuck at GND File: D:/1/Linux/FPGA_Base/with_few_DS18B20_and__CRC/DE2_115.v Line: 31
    Warning (13410): Pin "HEX5[6]" is stuck at GND File: D:/1/Linux/FPGA_Base/with_few_DS18B20_and__CRC/DE2_115.v Line: 31
    Warning (13410): Pin "HEX6[0]" is stuck at GND File: D:/1/Linux/FPGA_Base/with_few_DS18B20_and__CRC/DE2_115.v Line: 32
    Warning (13410): Pin "HEX6[1]" is stuck at GND File: D:/1/Linux/FPGA_Base/with_few_DS18B20_and__CRC/DE2_115.v Line: 32
    Warning (13410): Pin "HEX6[2]" is stuck at GND File: D:/1/Linux/FPGA_Base/with_few_DS18B20_and__CRC/DE2_115.v Line: 32
    Warning (13410): Pin "HEX6[3]" is stuck at GND File: D:/1/Linux/FPGA_Base/with_few_DS18B20_and__CRC/DE2_115.v Line: 32
    Warning (13410): Pin "HEX6[4]" is stuck at GND File: D:/1/Linux/FPGA_Base/with_few_DS18B20_and__CRC/DE2_115.v Line: 32
    Warning (13410): Pin "HEX6[5]" is stuck at GND File: D:/1/Linux/FPGA_Base/with_few_DS18B20_and__CRC/DE2_115.v Line: 32
    Warning (13410): Pin "HEX6[6]" is stuck at GND File: D:/1/Linux/FPGA_Base/with_few_DS18B20_and__CRC/DE2_115.v Line: 32
    Warning (13410): Pin "HEX7[0]" is stuck at GND File: D:/1/Linux/FPGA_Base/with_few_DS18B20_and__CRC/DE2_115.v Line: 33
    Warning (13410): Pin "HEX7[1]" is stuck at GND File: D:/1/Linux/FPGA_Base/with_few_DS18B20_and__CRC/DE2_115.v Line: 33
    Warning (13410): Pin "HEX7[2]" is stuck at GND File: D:/1/Linux/FPGA_Base/with_few_DS18B20_and__CRC/DE2_115.v Line: 33
    Warning (13410): Pin "HEX7[3]" is stuck at GND File: D:/1/Linux/FPGA_Base/with_few_DS18B20_and__CRC/DE2_115.v Line: 33
    Warning (13410): Pin "HEX7[4]" is stuck at GND File: D:/1/Linux/FPGA_Base/with_few_DS18B20_and__CRC/DE2_115.v Line: 33
    Warning (13410): Pin "HEX7[5]" is stuck at GND File: D:/1/Linux/FPGA_Base/with_few_DS18B20_and__CRC/DE2_115.v Line: 33
    Warning (13410): Pin "HEX7[6]" is stuck at GND File: D:/1/Linux/FPGA_Base/with_few_DS18B20_and__CRC/DE2_115.v Line: 33
Info (286030): Timing-Driven Synthesis is running
Info (144001): Generated suppressed messages file D:/1/Linux/FPGA_Base/with_few_DS18B20_and__CRC/DE2_115.map.smsg
Info (16010): Generating hard_block partition "hard_block:auto_generated_inst"
    Info (16011): Adding 0 node(s), including 0 DDIO, 0 PLL, 0 transceiver and 0 LCELL
Warning (21074): Design contains 5 input pin(s) that do not drive logic
    Warning (15610): No output dependent on input pin "SMA_CLKIN" File: D:/1/Linux/FPGA_Base/with_few_DS18B20_and__CRC/DE2_115.v Line: 12
    Warning (15610): No output dependent on input pin "KEY[0]" File: D:/1/Linux/FPGA_Base/with_few_DS18B20_and__CRC/DE2_115.v Line: 20
    Warning (15610): No output dependent on input pin "KEY[1]" File: D:/1/Linux/FPGA_Base/with_few_DS18B20_and__CRC/DE2_115.v Line: 20
    Warning (15610): No output dependent on input pin "KEY[2]" File: D:/1/Linux/FPGA_Base/with_few_DS18B20_and__CRC/DE2_115.v Line: 20
    Warning (15610): No output dependent on input pin "KEY[3]" File: D:/1/Linux/FPGA_Base/with_few_DS18B20_and__CRC/DE2_115.v Line: 20
Info (21057): Implemented 986 device resources after synthesis - the final resource count might be different
    Info (21058): Implemented 24 input pins
    Info (21059): Implemented 84 output pins
    Info (21060): Implemented 3 bidirectional pins
    Info (21061): Implemented 875 logic cells
Info: Quartus Prime Analysis & Synthesis was successful. 0 errors, 71 warnings
    Info: Peak virtual memory: 4822 megabytes
    Info: Processing ended: Thu Jun 30 09:41:35 2022
    Info: Elapsed time: 00:00:18
    Info: Total CPU time (on all processors): 00:00:38


+------------------------------------------+
; Analysis & Synthesis Suppressed Messages ;
+------------------------------------------+
The suppressed messages can be found in D:/1/Linux/FPGA_Base/with_few_DS18B20_and__CRC/DE2_115.map.smsg.


